Thu Feb 29 22:41:25 IST 2024 : Apache Derby Network Server - 10.14.2.0 - (1828579) started and ready to accept connections on port 1527
----------------------------------------------------------------
Thu Feb 29 22:41:26 IST 2024:
Booting Derby version The Apache Software Foundation - Apache Derby - 10.14.2.0 - (1828579): instance a816c00e-018d-f5d9-7524-ffffcbeb38f2 
on database directory D:\cs\sem4\P2-Advanced JAVA\programs\Net beans programs\prac4 with class loader jdk.internal.loader.ClassLoaders$AppClassLoader@73d16e93 
Loaded from file:/C:/Program%20Files/Java/jdk-17/db-derby-10.14.2.0-bin/lib/derby.jar
java.vendor=Oracle Corporation
java.runtime.version=17.0.9+11-LTS-201
user.dir=C:\Program Files\Java\jdk-17\db-derby-10.14.2.0-bin
os.name=Windows 11
os.arch=amd64
os.version=10.0
derby.system.home=D:\cs\sem4\P2-Advanced JAVA\programs\Net beans programs
Database Class Loader started - derby.database.classpath=''
----------------------------------------------------------------
Thu Feb 29 22:41:27 IST 2024:
Shutting down instance a816c00e-018d-f5d9-7524-ffffcbeb38f2 on database directory D:\cs\sem4\P2-Advanced JAVA\programs\Net beans programs\prac4 with class loader jdk.internal.loader.ClassLoaders$AppClassLoader@73d16e93 
Thu Feb 29 22:41:27 IST 2024 Thread[DRDAConnThread_2,5,main] (DATABASE = prac4), (DRDAID = {2}), Database 'prac4' shutdown.
----------------------------------------------------------------
Thu Feb 29 22:49:50 IST 2024:
Booting Derby version The Apache Software Foundation - Apache Derby - 10.14.2.0 - (1828579): instance 6ede40af-018d-f5d9-7524-ffffcbeb38f2 
on database directory D:\cs\sem4\P2-Advanced JAVA\programs\Net beans programs\prac4 with class loader jdk.internal.loader.ClassLoaders$AppClassLoader@73d16e93 
Loaded from file:/C:/Program%20Files/Java/jdk-17/db-derby-10.14.2.0-bin/lib/derby.jar
java.vendor=Oracle Corporation
java.runtime.version=17.0.9+11-LTS-201
user.dir=C:\Program Files\Java\jdk-17\db-derby-10.14.2.0-bin
os.name=Windows 11
os.arch=amd64
os.version=10.0
derby.system.home=D:\cs\sem4\P2-Advanced JAVA\programs\Net beans programs
Database Class Loader started - derby.database.classpath=''
----------------------------------------------------------------
Thu Feb 29 22:56:12 IST 2024:
Booting Derby version The Apache Software Foundation - Apache Derby - 10.14.2.0 - (1828579): instance 97e00100-018d-f5d9-7524-ffffcbeb38f2 
on database directory D:\cs\sem4\P2-Advanced JAVA\programs\Net beans programs\prac5 with class loader jdk.internal.loader.ClassLoaders$AppClassLoader@73d16e93 
Loaded from file:/C:/Program%20Files/Java/jdk-17/db-derby-10.14.2.0-bin/lib/derby.jar
java.vendor=Oracle Corporation
java.runtime.version=17.0.9+11-LTS-201
user.dir=C:\Program Files\Java\jdk-17\db-derby-10.14.2.0-bin
os.name=Windows 11
os.arch=amd64
os.version=10.0
derby.system.home=D:\cs\sem4\P2-Advanced JAVA\programs\Net beans programs
Database Class Loader started - derby.database.classpath=''
----------------------------------------------------------------
Thu Feb 29 22:56:14 IST 2024:
Shutting down instance 97e00100-018d-f5d9-7524-ffffcbeb38f2 on database directory D:\cs\sem4\P2-Advanced JAVA\programs\Net beans programs\prac5 with class loader jdk.internal.loader.ClassLoaders$AppClassLoader@73d16e93 
Thu Feb 29 22:56:14 IST 2024 Thread[DRDAConnThread_3,5,main] (DATABASE = prac5), (DRDAID = {6}), Database 'prac5' shutdown.
----------------------------------------------------------------
Thu Feb 29 22:56:20 IST 2024:
Booting Derby version The Apache Software Foundation - Apache Derby - 10.14.2.0 - (1828579): instance d4b401a1-018d-f5d9-7524-ffffcbeb38f2 
on database directory D:\cs\sem4\P2-Advanced JAVA\programs\Net beans programs\prac5 with class loader jdk.internal.loader.ClassLoaders$AppClassLoader@73d16e93 
Loaded from file:/C:/Program%20Files/Java/jdk-17/db-derby-10.14.2.0-bin/lib/derby.jar
java.vendor=Oracle Corporation
java.runtime.version=17.0.9+11-LTS-201
user.dir=C:\Program Files\Java\jdk-17\db-derby-10.14.2.0-bin
os.name=Windows 11
os.arch=amd64
os.version=10.0
derby.system.home=D:\cs\sem4\P2-Advanced JAVA\programs\Net beans programs
Database Class Loader started - derby.database.classpath=''
----------------------------------------------------------------
Thu Feb 29 23:03:07 IST 2024:
Booting Derby version The Apache Software Foundation - Apache Derby - 10.14.2.0 - (1828579): instance b29e81e5-018d-f5d9-7524-ffffcbeb38f2 
on database directory D:\cs\sem4\P2-Advanced JAVA\programs\Net beans programs\prac6 with class loader jdk.internal.loader.ClassLoaders$AppClassLoader@73d16e93 
Loaded from file:/C:/Program%20Files/Java/jdk-17/db-derby-10.14.2.0-bin/lib/derby.jar
java.vendor=Oracle Corporation
java.runtime.version=17.0.9+11-LTS-201
user.dir=C:\Program Files\Java\jdk-17\db-derby-10.14.2.0-bin
os.name=Windows 11
os.arch=amd64
os.version=10.0
derby.system.home=D:\cs\sem4\P2-Advanced JAVA\programs\Net beans programs
Database Class Loader started - derby.database.classpath=''
----------------------------------------------------------------
Thu Feb 29 23:03:08 IST 2024:
Shutting down instance b29e81e5-018d-f5d9-7524-ffffcbeb38f2 on database directory D:\cs\sem4\P2-Advanced JAVA\programs\Net beans programs\prac6 with class loader jdk.internal.loader.ClassLoaders$AppClassLoader@73d16e93 
Thu Feb 29 23:03:08 IST 2024 Thread[DRDAConnThread_3,5,main] (DATABASE = prac6), (DRDAID = {11}), Database 'prac6' shutdown.
----------------------------------------------------------------
Thu Feb 29 23:05:56 IST 2024:
Booting Derby version The Apache Software Foundation - Apache Derby - 10.14.2.0 - (1828579): instance b373c286-018d-f5d9-7524-ffffcbeb38f2 
on database directory D:\cs\sem4\P2-Advanced JAVA\programs\Net beans programs\prac6 with class loader jdk.internal.loader.ClassLoaders$AppClassLoader@73d16e93 
Loaded from file:/C:/Program%20Files/Java/jdk-17/db-derby-10.14.2.0-bin/lib/derby.jar
java.vendor=Oracle Corporation
java.runtime.version=17.0.9+11-LTS-201
user.dir=C:\Program Files\Java\jdk-17\db-derby-10.14.2.0-bin
os.name=Windows 11
os.arch=amd64
os.version=10.0
derby.system.home=D:\cs\sem4\P2-Advanced JAVA\programs\Net beans programs
Database Class Loader started - derby.database.classpath=''
Thu Feb 29 23:08:39 IST 2024 Thread[DRDAConnThread_4,5,main] Cleanup action starting
java.sql.SQLException: Database 'Library' not found.
	at org.apache.derby.impl.jdbc.SQLExceptionFactory.getSQLException(Unknown Source)
	at org.apache.derby.impl.jdbc.SQLExceptionFactory.getSQLException(Unknown Source)
	at org.apache.derby.impl.jdbc.Util.generateCsSQLException(Unknown Source)
	at org.apache.derby.impl.jdbc.Util.generateCsSQLException(Unknown Source)
	at org.apache.derby.impl.jdbc.EmbedConnection.newSQLException(Unknown Source)
	at org.apache.derby.impl.jdbc.EmbedConnection.handleDBNotFound(Unknown Source)
	at org.apache.derby.impl.jdbc.EmbedConnection.<init>(Unknown Source)
	at org.apache.derby.jdbc.InternalDriver$1.run(Unknown Source)
	at org.apache.derby.jdbc.InternalDriver$1.run(Unknown Source)
	at java.base/java.security.AccessController.doPrivileged(AccessController.java:569)
	at org.apache.derby.jdbc.InternalDriver.getNewEmbedConnection(Unknown Source)
	at org.apache.derby.jdbc.InternalDriver.connect(Unknown Source)
	at org.apache.derby.jdbc.InternalDriver.connect(Unknown Source)
	at org.apache.derby.jdbc.EmbeddedDriver.connect(Unknown Source)
	at org.apache.derby.impl.drda.Database.makeConnection(Unknown Source)
	at org.apache.derby.impl.drda.DRDAConnThread.getConnFromDatabaseName(Unknown Source)
	at org.apache.derby.impl.drda.DRDAConnThread.verifyUserIdPassword(Unknown Source)
	at org.apache.derby.impl.drda.DRDAConnThread.parseSECCHK(Unknown Source)
	at org.apache.derby.impl.drda.DRDAConnThread.parseDRDAConnection(Unknown Source)
	at org.apache.derby.impl.drda.DRDAConnThread.processCommands(Unknown Source)
	at org.apache.derby.impl.drda.DRDAConnThread.run(Unknown Source)
Caused by: ERROR XJ004: Database 'Library' not found.
	at org.apache.derby.iapi.error.StandardException.newException(Unknown Source)
	at org.apache.derby.impl.jdbc.SQLExceptionFactory.wrapArgsForTransportAcrossDRDA(Unknown Source)
	... 21 more
============= begin nested exception, level (1) ===========
ERROR XJ004: Database 'Library' not found.
	at org.apache.derby.iapi.error.StandardException.newException(Unknown Source)
	at org.apache.derby.impl.jdbc.SQLExceptionFactory.wrapArgsForTransportAcrossDRDA(Unknown Source)
	at org.apache.derby.impl.jdbc.SQLExceptionFactory.getSQLException(Unknown Source)
	at org.apache.derby.impl.jdbc.SQLExceptionFactory.getSQLException(Unknown Source)
	at org.apache.derby.impl.jdbc.Util.generateCsSQLException(Unknown Source)
	at org.apache.derby.impl.jdbc.Util.generateCsSQLException(Unknown Source)
	at org.apache.derby.impl.jdbc.EmbedConnection.newSQLException(Unknown Source)
	at org.apache.derby.impl.jdbc.EmbedConnection.handleDBNotFound(Unknown Source)
	at org.apache.derby.impl.jdbc.EmbedConnection.<init>(Unknown Source)
	at org.apache.derby.jdbc.InternalDriver$1.run(Unknown Source)
	at org.apache.derby.jdbc.InternalDriver$1.run(Unknown Source)
	at java.base/java.security.AccessController.doPrivileged(AccessController.java:569)
	at org.apache.derby.jdbc.InternalDriver.getNewEmbedConnection(Unknown Source)
	at org.apache.derby.jdbc.InternalDriver.connect(Unknown Source)
	at org.apache.derby.jdbc.InternalDriver.connect(Unknown Source)
	at org.apache.derby.jdbc.EmbeddedDriver.connect(Unknown Source)
	at org.apache.derby.impl.drda.Database.makeConnection(Unknown Source)
	at org.apache.derby.impl.drda.DRDAConnThread.getConnFromDatabaseName(Unknown Source)
	at org.apache.derby.impl.drda.DRDAConnThread.verifyUserIdPassword(Unknown Source)
	at org.apache.derby.impl.drda.DRDAConnThread.parseSECCHK(Unknown Source)
	at org.apache.derby.impl.drda.DRDAConnThread.parseDRDAConnection(Unknown Source)
	at org.apache.derby.impl.drda.DRDAConnThread.processCommands(Unknown Source)
	at org.apache.derby.impl.drda.DRDAConnThread.run(Unknown Source)
============= end nested exception, level (1) ===========
Cleanup action completed
Thu Feb 29 23:08:39 IST 2024 Thread[DRDAConnThread_4,5,main] (DATABASE = Library), (DRDAID = {13}), Database 'Library' not found.
----------------------------------------------------------------
Fri Mar 01 00:45:05 IST 2024: Shutting down Derby engine
----------------------------------------------------------------
Fri Mar 01 00:45:06 IST 2024:
Shutting down instance b373c286-018d-f5d9-7524-ffffcbeb38f2 on database directory D:\cs\sem4\P2-Advanced JAVA\programs\Net beans programs\prac6 with class loader jdk.internal.loader.ClassLoaders$AppClassLoader@73d16e93 
